{
  "RSpec": {
    "coverage": {
      "/Users/student/Documents/Projects/Week10/bank_tech_test/spec/account_spec.rb": {
        "lines": [
          1,
          null,
          1,
          1,
          1,
          1,
          null,
          null,
          1,
          1,
          1,
          1,
          null,
          1,
          1,
          1,
          null,
          null,
          1,
          1,
          1,
          1,
          1,
          null,
          1,
          1,
          1,
          1,
          null,
          null,
          1,
          1,
          1,
          1,
          null,
          1,
          1,
          1,
          1,
          null,
          null,
          1,
          1,
          1,
          1,
          1,
          null,
          null,
          null
        ]
      },
      "/Users/student/Documents/Projects/Week10/bank_tech_test/lib/account.rb": {
        "lines": [
          1,
          1,
          null,
          1,
          8,
          8,
          null,
          null,
          1,
          27,
          null,
          null,
          1,
          16,
          null,
          null,
          1,
          3,
          3,
          5,
          null,
          null,
          null,
          1,
          7,
          7,
          null,
          null,
          1,
          7,
          null,
          null,
          1,
          4,
          4,
          null,
          null,
          1,
          4,
          null,
          null
        ]
      }
    },
    "timestamp": 1599494738
  }
}
